#-----------------------------------------------------------
# PlanAhead v14.7
# Build 321239 by xbuild on Fri Sep 27 19:31:35 MDT 2013
# Start of session at: Fri Jan 08 03:11:06 2021
# Process ID: 13280
# Log file: C:/Code/Kosen/4th/Verilog/SevenSegDev/planAhead_run_3/planAhead.log
# Journal file: C:/Code/Kosen/4th/Verilog/SevenSegDev/planAhead_run_3/planAhead.jou
#-----------------------------------------------------------
INFO: [Common 17-78] Attempting to get a license: PlanAhead
INFO: [Common 17-290] Got license for PlanAhead
INFO: [Device 21-36] Loading parts and site information from C:/Xilinx/14.7/ISE_DS/PlanAhead/data/parts/arch.xml
Parsing RTL primitives file [C:/Xilinx/14.7/ISE_DS/PlanAhead/data/parts/xilinx/rtl/prims/rtl_prims.xml]
Finished parsing RTL primitives file [C:/Xilinx/14.7/ISE_DS/PlanAhead/data/parts/xilinx/rtl/prims/rtl_prims.xml]
start_gui
source C:/Code/Kosen/4th/Verilog/SevenSegDev/pa.fromHdl.tcl
# create_project -name SevenSegDev -dir "C:/Code/Kosen/4th/Verilog/SevenSegDev/planAhead_run_3" -part xc6slx9tqg144-2
# set_param project.pinAheadLayout yes
# set srcset [get_property srcset [current_run -impl]]
# set_property target_constrs_file "Watch100.ucf" [current_fileset -constrset]
Adding file 'C:/Code/Kosen/4th/Verilog/SevenSegDev/Watch100.ucf' to fileset 'constrs_1'
# set hdlfile [add_files [list {Switcher.v}]]
# set_property file_type Verilog $hdlfile
# set_property library work $hdlfile
# set hdlfile [add_files [list {Selector.v}]]
# set_property file_type Verilog $hdlfile
# set_property library work $hdlfile
# set hdlfile [add_files [list {DividerForDynamicLighting.v}]]
# set_property file_type Verilog $hdlfile
# set_property library work $hdlfile
# set hdlfile [add_files [list {DividerForCounter.v}]]
# set_property file_type Verilog $hdlfile
# set_property library work $hdlfile
# set hdlfile [add_files [list {Decoder8.v}]]
# set_property file_type Verilog $hdlfile
# set_property library work $hdlfile
# set hdlfile [add_files [list {Counter100.v}]]
# set_property file_type Verilog $hdlfile
# set_property library work $hdlfile
# set hdlfile [add_files [list {Watch100.v}]]
# set_property file_type Verilog $hdlfile
# set_property library work $hdlfile
# set_property top Watch100 $srcset
# add_files [list {Watch100.ucf}] -fileset [get_property constrset [current_run]]
# open_rtl_design -part xc6slx9tqg144-2
Using Verific elaboration
Parsing VHDL file "C:/Xilinx/14.7/ISE_DS/PlanAhead/data/parts/xilinx/rtl/lib/synplify/synattr.vhd" into library synplify
Analyzing Verilog file "C:/Code/Kosen/4th/Verilog/SevenSegDev/Switcher.v" into library work
Analyzing Verilog file "C:/Code/Kosen/4th/Verilog/SevenSegDev/Selector.v" into library work
Analyzing Verilog file "C:/Code/Kosen/4th/Verilog/SevenSegDev/DividerForDynamicLighting.v" into library work
Analyzing Verilog file "C:/Code/Kosen/4th/Verilog/SevenSegDev/DividerForCounter.v" into library work
Analyzing Verilog file "C:/Code/Kosen/4th/Verilog/SevenSegDev/Decoder8.v" into library work
Analyzing Verilog file "C:/Code/Kosen/4th/Verilog/SevenSegDev/Counter100.v" into library work
Analyzing Verilog file "C:/Code/Kosen/4th/Verilog/SevenSegDev/Watch100.v" into library work
Loading clock regions from C:/Xilinx/14.7/ISE_DS/PlanAhead/data\parts/xilinx/spartan6/spartan6lx/xc6slx9/ClockRegion.xml
Loading clock buffers from C:/Xilinx/14.7/ISE_DS/PlanAhead/data\parts/xilinx/spartan6/spartan6lx/xc6slx9/ClockBuffers.xml
Loading package pin functions from C:/Xilinx/14.7/ISE_DS/PlanAhead/data\parts/xilinx/spartan6/PinFunctions.xml...
Loading package from C:/Xilinx/14.7/ISE_DS/PlanAhead/data\parts/xilinx/spartan6/spartan6lx/xc6slx9/tqg144/Package.xml
Loading io standards from C:/Xilinx/14.7/ISE_DS/PlanAhead/data\./parts/xilinx/spartan6/IOStandards.xml
Loading device configuration modes from C:/Xilinx/14.7/ISE_DS/PlanAhead/data\parts/xilinx/spartan6/ConfigModes.xml
Loading list of drcs for the architecture : C:/Xilinx/14.7/ISE_DS/PlanAhead/data\./parts/xilinx/spartan6/drc.xml
Parsing UCF File [C:/Code/Kosen/4th/Verilog/SevenSegDev/Watch100.ucf]
Finished Parsing UCF File [C:/Code/Kosen/4th/Verilog/SevenSegDev/Watch100.ucf]
INFO: [Project 1-111] Unisim Transformation Summary:
No Unisim elements were transformed.

Phase 0 | Netlist Checksum: 77f90fb0
open_rtl_design: Time (s): elapsed = 00:00:17 . Memory (MB): peak = 482.363 ; gain = 87.551
update_compile_order -fileset sim_1
exit
ERROR: [PlanAhead 12-106] *** Exception: ui.h.b: Found deleted key in HTclEventBroker. Verify if the classes listed here call cleanup()
HTclEvent: DEBUG_PORT_CONFIG_CHANGE   Classes: ui.views.aR 
HTclEvent: SIGNAL_BUS_MODIFY   Classes: ui.views.aR 
HTclEvent: DEBUG_CORE_CONFIG_CHANGE   Classes: ui.views.aR 
HTclEvent: SIGNAL_MODIFY   Classes: ui.views.aR 
 (See C:/Code/Kosen/4th/Verilog/SevenSegDev\planAhead_pid13280.debug)
ERROR: [Common 17-39] 'stop_gui' failed due to earlier errors.
INFO: [Common 17-206] Exiting PlanAhead at Fri Jan 08 03:13:30 2021...
INFO: [Common 17-83] Releasing license: PlanAhead
