Command line:
   t_Counter100_isim_beh.exe
     -simmode  gui
     -simrunnum  0
     -socket  54246

Fri Jan 08 07:19:01 2021


 Elaboration Time: 0.03125 sec

 Current Memory Usage: 5163.45 Meg

 Total Signals          : 19
 Total Nets             : 31
 Total Signal Drivers   : 11
 Total Blocks           : 3
 Total Primitive Blocks : 2
 Total Processes        : 15
 Total Traceable Variables  : 25
 Total Scalar Nets and Variables : 143
Total Line Count : 30
Total Line Count : 30
Total Line Count : 30
Total Line Count : 30
Total Line Count : 30
Total Line Count : 30

 Total Simulation Time: 0.15625 sec

 Current Memory Usage: 4691.6 Meg

Fri Jan 08 09:02:56 2021

