
****** PlanAhead v14.7
  **** Build 321239 by xbuild on Fri Sep 27 19:31:35 MDT 2013
    ** Copyright 1986-1999, 2001-2013 Xilinx, Inc. All Rights Reserved.

INFO: [Common 17-78] Attempting to get a license: PlanAhead
INFO: [Common 17-290] Got license for PlanAhead
INFO: [Device 21-36] Loading parts and site information from C:/Xilinx/14.7/ISE_DS/PlanAhead/data/parts/arch.xml
Parsing RTL primitives file [C:/Xilinx/14.7/ISE_DS/PlanAhead/data/parts/xilinx/rtl/prims/rtl_prims.xml]
Finished parsing RTL primitives file [C:/Xilinx/14.7/ISE_DS/PlanAhead/data/parts/xilinx/rtl/prims/rtl_prims.xml]
start_gui
source C:/Code/Kosen/4th/Verilog/SevenSegDev/pa.fromHdl.tcl
# create_project -name SevenSegDev -dir "C:/Code/Kosen/4th/Verilog/SevenSegDev/planAhead_run_1" -part xc6slx9tqg144-2
# set_param project.pinAheadLayout yes
# set srcset [get_property srcset [current_run -impl]]
# set_property target_constrs_file "Watch100.ucf" [current_fileset -constrset]
Adding file 'C:/Code/Kosen/4th/Verilog/SevenSegDev/Watch100.ucf' to fileset 'constrs_1'
# set hdlfile [add_files [list {Switcher.v}]]
# set_property file_type Verilog $hdlfile
# set_property library work $hdlfile
# set hdlfile [add_files [list {Selector.v}]]
# set_property file_type Verilog $hdlfile
# set_property library work $hdlfile
# set hdlfile [add_files [list {DividerForDynamicLighting.v}]]
# set_property file_type Verilog $hdlfile
# set_property library work $hdlfile
# set hdlfile [add_files [list {DividerForCounter.v}]]
# set_property file_type Verilog $hdlfile
# set_property library work $hdlfile
# set hdlfile [add_files [list {Decoder8.v}]]
# set_property file_type Verilog $hdlfile
# set_property library work $hdlfile
# set hdlfile [add_files [list {Counter100.v}]]
# set_property file_type Verilog $hdlfile
# set_property library work $hdlfile
# set hdlfile [add_files [list {Watch100.v}]]
# set_property file_type Verilog $hdlfile
# set_property library work $hdlfile
# set_property top Watch100 $srcset
# add_files [list {Watch100.ucf}] -fileset [get_property constrset [current_run]]
# open_rtl_design -part xc6slx9tqg144-2
Using Verific elaboration
Parsing VHDL file "C:/Xilinx/14.7/ISE_DS/PlanAhead/data/parts/xilinx/rtl/lib/synplify/synattr.vhd" into library synplify
Analyzing Verilog file "C:/Code/Kosen/4th/Verilog/SevenSegDev/Switcher.v" into library work
Analyzing Verilog file "C:/Code/Kosen/4th/Verilog/SevenSegDev/Selector.v" into library work
Analyzing Verilog file "C:/Code/Kosen/4th/Verilog/SevenSegDev/DividerForDynamicLighting.v" into library work
Analyzing Verilog file "C:/Code/Kosen/4th/Verilog/SevenSegDev/DividerForCounter.v" into library work
Analyzing Verilog file "C:/Code/Kosen/4th/Verilog/SevenSegDev/Decoder8.v" into library work
Analyzing Verilog file "C:/Code/Kosen/4th/Verilog/SevenSegDev/Counter100.v" into library work
Analyzing Verilog file "C:/Code/Kosen/4th/Verilog/SevenSegDev/Watch100.v" into library work
Loading clock regions from C:/Xilinx/14.7/ISE_DS/PlanAhead/data\parts/xilinx/spartan6/spartan6lx/xc6slx9/ClockRegion.xml
Loading clock buffers from C:/Xilinx/14.7/ISE_DS/PlanAhead/data\parts/xilinx/spartan6/spartan6lx/xc6slx9/ClockBuffers.xml
Loading package pin functions from C:/Xilinx/14.7/ISE_DS/PlanAhead/data\parts/xilinx/spartan6/PinFunctions.xml...
Loading package from C:/Xilinx/14.7/ISE_DS/PlanAhead/data\parts/xilinx/spartan6/spartan6lx/xc6slx9/tqg144/Package.xml
Loading io standards from C:/Xilinx/14.7/ISE_DS/PlanAhead/data\./parts/xilinx/spartan6/IOStandards.xml
Loading device configuration modes from C:/Xilinx/14.7/ISE_DS/PlanAhead/data\parts/xilinx/spartan6/ConfigModes.xml
Loading list of drcs for the architecture : C:/Xilinx/14.7/ISE_DS/PlanAhead/data\./parts/xilinx/spartan6/drc.xml
Parsing UCF File [C:/Code/Kosen/4th/Verilog/SevenSegDev/Watch100.ucf]
Finished Parsing UCF File [C:/Code/Kosen/4th/Verilog/SevenSegDev/Watch100.ucf]
INFO: [Project 1-111] Unisim Transformation Summary:
No Unisim elements were transformed.

Phase 0 | Netlist Checksum: ccf3ae06
open_rtl_design: Time (s): elapsed = 00:00:13 . Memory (MB): peak = 488.203 ; gain = 86.316
update_compile_order -fileset sim_1
set_property iostandard LVCMOS33 [get_ports [list RESET]]
startgroup
set_property package_pin P101 [get_ports RESET]
endgroup
set_property iostandard LVCMOS33 [get_ports [list D4]]
set_property iostandard LVCMOS33 [get_ports [list D3]]
set_property iostandard LVCMOS33 [get_ports [list D2]]
set_property iostandard LVCMOS33 [get_ports [list D1]]
set_property iostandard LVCMOS33 [get_ports [list CLK]]
set_property iostandard LVCMOS33 [get_ports [list {DOUT[0]}]]
set_property iostandard LVCMOS33 [get_ports [list {DOUT[1]}]]
set_property iostandard LVCMOS33 [get_ports [list {DOUT[2]}]]
set_property iostandard LVCMOS33 [get_ports [list {DOUT[3]}]]
set_property iostandard LVCMOS33 [get_ports [list {DOUT[4]}]]
set_property iostandard LVCMOS33 [get_ports [list {DOUT[5]}]]
set_property iostandard LVCMOS33 [get_ports [list {DOUT[6]}]]
set_property iostandard LVCMOS33 [get_ports [list {DOUT[7]}]]
startgroup
set_property package_pin P111 [get_ports D4]
endgroup
startgroup
set_property package_pin P116 [get_ports D3]
endgroup
startgroup
set_property package_pin P118 [get_ports D2]
endgroup
startgroup
set_property package_pin P124 [get_ports D1]
endgroup
startgroup
set_property package_pin P94 [get_ports CLK]
endgroup
startgroup
set_property package_pin P115 [get_ports {DOUT[0]}]
endgroup
startgroup
set_property package_pin P120 [get_ports {DOUT[1]}]
endgroup
startgroup
set_property package_pin P123 [get_ports {DOUT[2]}]
endgroup
startgroup
set_property package_pin P104 [get_ports {DOUT[3]}]
endgroup
startgroup
set_property package_pin P100 [get_ports {DOUT[4]}]
endgroup
startgroup
set_property package_pin P104 [get_ports {DOUT[3]}]
endgroup
startgroup
set_property package_pin P102 [get_ports {DOUT[4]}]
endgroup
startgroup
set_property package_pin P112 [get_ports {DOUT[5]}]
endgroup
startgroup
set_property package_pin P105 [get_ports {DOUT[6]}]
endgroup
startgroup
set_property package_pin P126 [get_ports {DOUT[7]}]
endgroup
save_constraints
exit
ERROR: [Common 17-39] 'stop_gui' failed due to earlier errors.
INFO: [Common 17-206] Exiting PlanAhead at Thu Jan 07 21:37:45 2021...
INFO: [Common 17-83] Releasing license: PlanAhead
