Command line:
   t_FAFS_isim_beh.exe
     -simmode  gui
     -simrunnum  0
     -socket  53725

Fri Dec 11 00:26:33 2020


 Elaboration Time: 0.046875 sec

 Current Memory Usage: 5164.07 Meg

 Total Signals          : 59
 Total Nets             : 31
 Total Signal Drivers   : 23
 Total Blocks           : 10
 Total Primitive Blocks : 6
 Total Processes        : 24
 Total Traceable Variables  : 28
 Total Scalar Nets and Variables : 122
Total Line Count : 50

 Total Simulation Time: 0.140625 sec

 Current Memory Usage: 5478.65 Meg

Fri Dec 11 00:27:24 2020

