Command line:
   t_Switcher_isim_beh.exe
     -simmode  gui
     -simrunnum  0
     -socket  54172

Fri Jan 08 07:12:44 2021


 Elaboration Time: 0.03125 sec

 Current Memory Usage: 5164.04 Meg

 Total Signals          : 18
 Total Nets             : 18
 Total Signal Drivers   : 10
 Total Blocks           : 3
 Total Primitive Blocks : 2
 Total Processes        : 14
 Total Traceable Variables  : 24
 Total Scalar Nets and Variables : 105
Total Line Count : 40
Total Line Count : 40
Total Line Count : 40
Total Line Count : 40
Total Line Count : 40

 Total Simulation Time: 0.0625 sec

 Current Memory Usage: 5006.75 Meg

Fri Jan 08 07:14:52 2021

