Command line:
   t_Decoder8_isim_beh.exe
     -simmode  gui
     -simrunnum  0
     -socket  54128

Fri Jan 08 07:07:44 2021


 Elaboration Time: 0.03125 sec

 Current Memory Usage: 5163.45 Meg

 Total Signals          : 16
 Total Nets             : 25
 Total Signal Drivers   : 7
 Total Blocks           : 4
 Total Primitive Blocks : 2
 Total Processes        : 10
 Total Traceable Variables  : 21
 Total Scalar Nets and Variables : 121
Total Line Count : 37
Total Line Count : 37

 Total Simulation Time: 0.03125 sec

 Current Memory Usage: 5006.16 Meg

Fri Jan 08 07:09:07 2021

